# JRE version: Java(TM) SE Runtime Environment (8.0_211-b12) (build 1.8.0_211-b12)
# Java VM: Java HotSpot(TM) 64-Bit Server VM (25.211-b12 mixed mode linux-amd64 compressed oops)
Heap:
 PSYoungGen      total 768512K, used 149319K [0x0000000780000000, 0x00000007bbd80000, 0x00000007c0000000)
  eden space 749568K, 19% used [0x0000000780000000,0x00000007891d1c78,0x00000007adc00000)
  from space 18944K, 0% used [0x00000007bab00000,0x00000007bab00000,0x00000007bbd80000)
  to   space 87040K, 0% used [0x00000007b1380000,0x00000007b1380000,0x00000007b6880000)
 ParOldGen       total 1345536K, used 20939K [0x0000000700000000, 0x0000000752200000, 0x0000000780000000)
  object space 1345536K, 1% used [0x0000000700000000,0x0000000701472c88,0x0000000752200000)
 Metaspace       used 39953K, capacity 40484K, committed 40960K, reserved 1083392K
  class space    used 5958K, capacity 6125K, committed 6144K, reserved 1048576K
GC Heap History (8 events):
Event: 0.937 GC heap before
{Heap before GC invocations=1 (full 0):
 PSYoungGen      total 611840K, used 220417K [0x0000000780000000, 0x00000007aaa80000, 0x00000007c0000000)
  eden space 524800K, 42% used [0x0000000780000000,0x000000078d7404b0,0x00000007a0080000)
  from space 87040K, 0% used [0x00000007a5580000,0x00000007a5580000,0x00000007aaa80000)
  to   space 87040K, 0% used [0x00000007a0080000,0x00000007a0080000,0x00000007a5580000)
 ParOldGen       total 1398272K, used 0K [0x0000000700000000, 0x0000000755580000, 0x0000000780000000)
  object space 1398272K, 0% used [0x0000000700000000,0x0000000700000000,0x0000000755580000)
 Metaspace       used 20974K, capacity 21156K, committed 21296K, reserved 1067008K
  class space    used 3100K, capacity 3172K, committed 3200K, reserved 1048576K
Event: 0.963 GC heap after
Heap after GC invocations=1 (full 0):
 PSYoungGen      total 611840K, used 16992K [0x0000000780000000, 0x00000007c0000000, 0x00000007c0000000)
  eden space 524800K, 0% used [0x0000000780000000,0x0000000780000000,0x00000007a0080000)
  from space 87040K, 19% used [0x00000007a0080000,0x00000007a1118038,0x00000007a5580000)
  to   space 87040K, 0% used [0x00000007bab00000,0x00000007bab00000,0x00000007c0000000)
 ParOldGen       total 1398272K, used 80K [0x0000000700000000, 0x0000000755580000, 0x0000000780000000)
  object space 1398272K, 0% used [0x0000000700000000,0x0000000700014010,0x0000000755580000)
 Metaspace       used 20974K, capacity 21156K, committed 21296K, reserved 1067008K
  class space    used 3100K, capacity 3172K, committed 3200K, reserved 1048576K
}
Event: 0.963 GC heap before
{Heap before GC invocations=2 (full 1):
 PSYoungGen      total 611840K, used 16992K [0x0000000780000000, 0x00000007c0000000, 0x00000007c0000000)
  eden space 524800K, 0% used [0x0000000780000000,0x0000000780000000,0x00000007a0080000)
  from space 87040K, 19% used [0x00000007a0080000,0x00000007a1118038,0x00000007a5580000)
  to   space 87040K, 0% used [0x00000007bab00000,0x00000007bab00000,0x00000007c0000000)
 ParOldGen       total 1398272K, used 80K [0x0000000700000000, 0x0000000755580000, 0x0000000780000000)
  object space 1398272K, 0% used [0x0000000700000000,0x0000000700014010,0x0000000755580000)
 Metaspace       used 20974K, capacity 21156K, committed 21296K, reserved 1067008K
  class space    used 3100K, capacity 3172K, committed 3200K, reserved 1048576K
Event: 0.998 GC heap after
Heap after GC invocations=2 (full 1):
 PSYoungGen      total 611840K, used 0K [0x0000000780000000, 0x00000007c0000000, 0x00000007c0000000)
  eden space 524800K, 0% used [0x0000000780000000,0x0000000780000000,0x00000007a0080000)
  from space 87040K, 0% used [0x00000007a0080000,0x00000007a0080000,0x00000007a5580000)
  to   space 87040K, 0% used [0x00000007bab00000,0x00000007bab00000,0x00000007c0000000)
 ParOldGen       total 842240K, used 15583K [0x0000000700000000, 0x0000000733680000, 0x0000000780000000)
  object space 842240K, 1% used [0x0000000700000000,0x0000000700f37ff8,0x0000000733680000)
 Metaspace       used 20974K, capacity 21156K, committed 21296K, reserved 1067008K
  class space    used 3100K, capacity 3172K, committed 3200K, reserved 1048576K
}
Event: 1.784 GC heap before
{Heap before GC invocations=3 (full 1):
 PSYoungGen      total 611840K, used 277139K [0x0000000780000000, 0x00000007c0000000, 0x00000007c0000000)
  eden space 524800K, 52% used [0x0000000780000000,0x0000000790ea4ce8,0x00000007a0080000)
  from space 87040K, 0% used [0x00000007a0080000,0x00000007a0080000,0x00000007a5580000)
  to   space 87040K, 0% used [0x00000007bab00000,0x00000007bab00000,0x00000007c0000000)
 ParOldGen       total 842240K, used 15583K [0x0000000700000000, 0x0000000733680000, 0x0000000780000000)
  object space 842240K, 1% used [0x0000000700000000,0x0000000700f37ff8,0x0000000733680000)
 Metaspace       used 34993K, capacity 35218K, committed 35496K, reserved 1079296K
  class space    used 5214K, capacity 5317K, committed 5376K, reserved 1048576K
Event: 1.807 GC heap after
Heap after GC invocations=3 (full 1):
 PSYoungGen      total 768512K, used 18466K [0x0000000780000000, 0x00000007bbd80000, 0x00000007c0000000)
  eden space 749568K, 0% used [0x0000000780000000,0x0000000780000000,0x00000007adc00000)
  from space 18944K, 97% used [0x00000007bab00000,0x00000007bbd08800,0x00000007bbd80000)
  to   space 87040K, 0% used [0x00000007b1380000,0x00000007b1380000,0x00000007b6880000)
 ParOldGen       total 842240K, used 15591K [0x0000000700000000, 0x0000000733680000, 0x0000000780000000)
  object space 842240K, 1% used [0x0000000700000000,0x0000000700f39ff8,0x0000000733680000)
 Metaspace       used 34993K, capacity 35218K, committed 35496K, reserved 1079296K
  class space    used 5214K, capacity 5317K, committed 5376K, reserved 1048576K
}
Event: 1.807 GC heap before
{Heap before GC invocations=4 (full 2):
 PSYoungGen      total 768512K, used 18466K [0x0000000780000000, 0x00000007bbd80000, 0x00000007c0000000)
  eden space 749568K, 0% used [0x0000000780000000,0x0000000780000000,0x00000007adc00000)
  from space 18944K, 97% used [0x00000007bab00000,0x00000007bbd08800,0x00000007bbd80000)
  to   space 87040K, 0% used [0x00000007b1380000,0x00000007b1380000,0x00000007b6880000)
 ParOldGen       total 842240K, used 15591K [0x0000000700000000, 0x0000000733680000, 0x0000000780000000)
  object space 842240K, 1% used [0x0000000700000000,0x0000000700f39ff8,0x0000000733680000)
 Metaspace       used 34993K, capacity 35218K, committed 35496K, reserved 1079296K
  class space    used 5214K, capacity 5317K, committed 5376K, reserved 1048576K
Event: 1.846 GC heap after
Heap after GC invocations=4 (full 2):
 PSYoungGen      total 768512K, used 0K [0x0000000780000000, 0x00000007bbd80000, 0x00000007c0000000)
  eden space 749568K, 0% used [0x0000000780000000,0x0000000780000000,0x00000007adc00000)
  from space 18944K, 0% used [0x00000007bab00000,0x00000007bab00000,0x00000007bbd80000)
  to   space 87040K, 0% used [0x00000007b1380000,0x00000007b1380000,0x00000007b6880000)
 ParOldGen       total 1345536K, used 20939K [0x0000000700000000, 0x0000000752200000, 0x0000000780000000)
  object space 1345536K, 1% used [0x0000000700000000,0x0000000701472c88,0x0000000752200000)
 Metaspace       used 34993K, capacity 35218K, committed 35496K, reserved 1079296K
  class space    used 5214K, capacity 5317K, committed 5376K, reserved 1048576K
}

